{
  message: 'Fatal',
  level: 'fatal',
  timestamp: '2023-12-21T17:43:23.196Z'
}
{
  message: 'Error',
  level: 'error',
  timestamp: '2023-12-21T17:43:23.204Z'
}
{
  message: 'hola',
  level: 'fatal',
  timestamp: '2023-12-21T17:43:23.206Z'
}
{ level: 'error', timestamp: '2023-12-27T19:01:13.666Z' }
{ level: 'error', timestamp: '2023-12-27T19:02:30.378Z' }
{ level: 'error', timestamp: '2023-12-27T19:05:52.482Z' }
{ level: 'error', timestamp: '2024-02-03T21:57:29.644Z' }
{ level: 'error', timestamp: '2024-02-03T22:12:37.046Z' }
{ level: 'error', timestamp: '2024-02-03T22:18:26.261Z' }
{ level: 'error', timestamp: '2024-02-03T22:18:41.302Z' }
{ level: 'error', timestamp: '2024-02-03T22:23:02.027Z' }
{ level: 'error', timestamp: '2024-02-03T22:27:25.256Z' }
{ level: 'error', timestamp: '2024-02-03T22:29:39.848Z' }
{ level: 'error', timestamp: '2024-02-03T22:32:19.654Z' }
{
  code: 'ERR_HTTP_HEADERS_SENT',
  level: 'error',
  timestamp: '2024-02-03T23:03:14.783Z'
}
{ level: 'error', timestamp: '2024-02-03T23:50:50.264Z' }
